#
# There is insufficient memory for the Java Runtime Environment to continue.
# Native memory allocation (mmap) failed to map 264241152 bytes for G1 virtual space
# Possible reasons:
#   The system is out of physical RAM or swap space
#   The process is running with CompressedOops enabled, and the Java Heap may be blocking the growth of the native heap
# Possible solutions:
#   Reduce memory load on the system
#   Increase physical memory or swap space
#   Check if swap backing store is full
#   Decrease Java heap size (-Xmx/-Xms)
#   Decrease number of Java threads
#   Decrease Java thread stack sizes (-Xss)
#   Set larger code cache with -XX:ReservedCodeCacheSize=
#   JVM is running with Zero Based Compressed Oops mode in which the Java heap is
#     placed in the first 32GB address space. The Java Heap base address is the
#     maximum limit for the native heap growth. Please use -XX:HeapBaseMinAddress
#     to set the Java Heap base and to place the Java Heap above 32GB virtual address.
# This output file may be truncated or incomplete.
#
#  Out of Memory Error (os_windows.cpp:3600), pid=9200, tid=13700
#
# JRE version:  (21.0.1+12) (build )
# Java VM: OpenJDK 64-Bit Server VM (21.0.1+12-29, mixed mode, sharing, tiered, compressed oops, compressed class ptrs, g1 gc, windows-amd64)
# No core dump will be written. Minidumps are not enabled by default on client versions of Windows
#

---------------  S U M M A R Y ------------

Command Line: --module-path=C:\Divers\javafx\lib --add-modules=javafx.controls,javafx.fxml -Dfile.encoding=UTF-8 -Dstdout.encoding=UTF-8 -Dstderr.encoding=UTF-8 -XX:+ShowCodeDetailsInExceptionMessages com.cytech.address.MainApp

Host: 13th Gen Intel(R) Core(TM) i5-1335U, 12 cores, 15G,  Windows 10 , 64 bit Build 19041 (10.0.19041.3636)
Time: Fri Apr 19 04:49:11 2024 Paris, Madrid (heure duild 19041 (10.0.19041.3636) elapsed time: 0.021311 seconds (0d 0h 0m 0s)

---------------  T H R E A D  ---------------

Current thread (0x0000023e3d4bbba0):  JavaThread "Unknown thread" [_thread_in_vm, id=13700, stack(0x000000cb57b00000,0x000000cb57c00000) (1024K)]

Stack: [0x000000cb57b00000,0x000000cb57c00000]
Native frames: (J=compiled Java code, j=interpreted, Vv=VM code, C=native code)
V  [jvm.dll+0x6c9029]
V  [jvm.dll+0x854b81]
V  [jvm.dll+0x856e5e]
V  [jvm.dll+0x857543]
V  [jvm.dll+0x280c06]
V  [jvm.dll+0x6c5715]
V  [jvm.dll+0x6ba10a]
V  [jvm.dll+0x3557ea]
V  [jvm.dll+0x35d436]
V  [jvm.dll+0x3ae1be]
V  [jvm.dll+0x3ae468]
V  [jvm.dll+0x3291fc]
V  [jvm.dll+0x329d8b]
V  [jvm.dll+0x81d179]
V  [jvm.dll+0x3bb4f1]
V  [jvm.dll+0x805ae8]
V  [jvm.dll+0x44effe]
V  [jvm.dll+0x450901]
C  [jli.dll+0x52a3]
C  [ucrtbase.dll+0x21bb2]
C  [KERNEL32.DLL+0x17344]
C  [ntdll.dll+0x526b1]


---------------  P R O C E S S  ---------------

Threads class SMR info:
_java_thread_list=0x00007ffec95a9b88, length=0, elements={
}

Java Threads: ( => current thread )
Total: 0

Other Threads:
  0x0000023e3f7ef5c0 WorkerThread "GC Thread#0"                     [id=19132, stack(0x000000cb57c00000,0x000000cb57d00000) (1024K)]
  0x0000023e3f801f20 ConcurrentGCThread "G1 Main Marker"            [id=5964, stack(0x000000cb57d00000,0x000000cb57e00000) (1024K)]
  0x0000023e3f802930 WorkerThread "G1 Conc#0"                       [id=14268, stack(0x000000cb57e00000,0x000000cb57f00000) (1024K)]

[error occurred during error reporting (printing all threads), id 0xc0000005, EXCEPTION_ACCESS_VIOLATION (0xc0000005) at pc=0x00007ffec8d1c2c7]
VM state: not at safepoint (not fully initialized)

VM Mutex/Monitor currently owned by a thread:  ([mutex/lock_event])
[0x00007ffec961a6f8] Heap_lock - owner thread: 0x0000023e3d4bbba0

Heap address: 0x0000000705a00000, size: 4006 MB, Compressed Oops mode: Zero based, Oop shift amount: 3

CDS archive(s) mapped at: [0x0000000000000000-0x0000000000000000-0x0000000000000000), size 0, SharedBaseAddress: 0x0000000800000000, ArchiveRelocationMode: 1.
Narrow klass base: 0x0000000000000000, Narrow klass shift: 0, Narrow klass range: 0x0

GC Precious Log:
 CardTable entry size: 512
 Card Set container configuration: InlinePtr #cards 4 size 8 Array Of Cards #cards 16 size 48 Howl #buckets 8 coarsen threshold 3686 Howl Bitmap #cards 512 size 80 coarsen threshold 460 Card regions per heap region 1 cards per card region 4096

Heap:
 garbage-first heap   total 0K, used 0K [0x0000000705a00000, 0x0000000800000000)
  region size 2048K, 0 young (0K), 0 survivors (0K)

[error occurred during error reporting (printing heap information), id 0xc0000005, EXCEPTION_ACCESS_VIOLATION (0xc0000005) at pc=0x00007ffec9101be9]
GC Heap History (0 events):
No events

Dll operation events (1 events):
Event: 0.007 Loaded shared library C:\Divers\openjdk\bin\java.dll

Deoptimization events (0 events):
No events

Classes loaded (0 events):
No events

Classes unloaded (0 events):
No events

Classes redefined (0 events):
No events

Internal exceptions (0 events):
No events

ZGC Phase Switch (0 events):
No events

VM Operations (0 events):
No events

Events (0 events):
No events


Dynamic libraries:
0x00007ff614af0000 - 0x00007ff614afe000 	C:\Divers\openjdk\bin\javaw.exe
0x00007fff3b850000 - 0x00007fff3ba48000 	C:\Windows\SYSTEM32\ntdll.dll
0x00007fff3abc0000 - 0x00007fff3ac7d000 	C:\Windows\System32\KERNEL32.DLL
0x00007fff392b0000 - 0x00007fff395a6000 	C:\Windows\System32\KERNELBASE.dll
0x00007fff38f70000 - 0x00007fff39070000 	C:\Windows\System32\ucrtbase.dll
0x00007fff224f0000 - 0x00007fff22508000 	C:\Divers\openjdk\bin\jli.dll
0x00007fff3a200000 - 0x00007fff3a39f000 	C:\Windows\System32\USER32.dll
0x00007fff22480000 - 0x00007fff2249b000 	C:\Divers\openjdk\bin\VCRUNTIME140.dll
0x00007fff397b0000 - 0x00007fff397d2000 	C:\Windows\System32\win32u.dll
0x00007fff3b5f0000 - 0x00007fff3b61b000 	C:\Windows\System32\GDI32.dll
0x00007fff20c00000 - 0x00007fff20e9a000 	C:\Windows\WinSxS\amd64_microsoft.windows.common-controls_6595b64144ccf1df_6.0.19041.3636_none_60b6a03d71f818d5\COMCTL32.dll
0x00007fff39600000 - 0x00007fff39717000 	C:\Windows\System32\gdi32full.dll
0x00007fff397e0000 - 0x00007fff3987d000 	C:\Windows\System32\msvcp_win.dll
0x00007fff3b770000 - 0x00007fff3b80e000 	C:\Windows\System32\msvcrt.dll
0x00007fff39d50000 - 0x00007fff39d82000 	C:\Windows\System32\IMM32.DLL
0x00007fff34600000 - 0x00007fff3460c000 	C:\Divers\openjdk\bin\vcruntime140_1.dll
0x00007fff0bc80000 - 0x00007fff0bd0e000 	C:\Divers\openjdk\bin\msvcp140.dll
0x00007ffec89e0000 - 0x00007ffec96f5000 	C:\Divers\openjdk\bin\server\jvm.dll
0x00007fff3a3a0000 - 0x00007fff3a450000 	C:\Windows\System32\ADVAPI32.dll
0x00007fff3b410000 - 0x00007fff3b4b0000 	C:\Windows\System32\sechost.dll
0x00007fff39d90000 - 0x00007fff39eb3000 	C:\Windows\System32\RPCRT4.dll
0x00007fff39120000 - 0x00007fff39147000 	C:\Windows\System32\bcrypt.dll
0x00007fff3a190000 - 0x00007fff3a1fb000 	C:\Windows\System32\WS2_32.dll
0x00007fff38d60000 - 0x00007fff38dab000 	C:\Windows\SYSTEM32\POWRPROF.dll
0x00007fff2e150000 - 0x00007fff2e177000 	C:\Windows\SYSTEM32\WINMM.dll
0x00007fff2fc30000 - 0x00007fff2fc3a000 	C:\Windows\SYSTEM32\VERSION.dll
0x00007fff38d40000 - 0x00007fff38d52000 	C:\Windows\SYSTEM32\UMPDC.dll
0x00007fff37720000 - 0x00007fff37732000 	C:\Windows\SYSTEM32\kernel.appcore.dll
0x00007fff187a0000 - 0x00007fff187aa000 	C:\Divers\openjdk\bin\jimage.dll
0x00007fff36af0000 - 0x00007fff36cd4000 	C:\Windows\SYSTEM32\DBGHELP.DLL
0x00007fff1fac0000 - 0x00007fff1faf4000 	C:\Windows\SYSTEM32\dbgcore.DLL
0x00007fff39720000 - 0x00007fff397a2000 	C:\Windows\System32\bcryptPrimitives.dll
0x00007fff14880000 - 0x00007fff1489f000 	C:\Divers\openjdk\bin\java.dll

dbghelp: loaded successfully - version: 4.0.5 - missing functions: none
symbol engine: initialized successfully - sym options: 0x614 - pdb path: .;C:\Divers\openjdk\bin;C:\Windows\SYSTEM32;C:\Windows\WinSxS\amd64_microsoft.windows.common-controls_6595b64144ccf1df_6.0.19041.3636_none_60b6a03d71f818d5;C:\Divers\openjdk\bin\server

VM Arguments:
jvm_args: --module-path=C:\Divers\javafx\lib --add-modules=javafx.controls,javafx.fxml -Dfile.encoding=UTF-8 -Dstdout.encoding=UTF-8 -Dstderr.encoding=UTF-8 -XX:+ShowCodeDetailsInExceptionMessages 
java_command: com.cytech.address.MainApp
java_class_path (initial): C:\Users\CYTech Student\.p2\pool\plugins\org.eclipse.fx.ide.css.jfx8_3.10.0.202303150700.jar;C:\Divers\javafx\lib\javafx.base.jar;C:\Divers\javafx\lib\javafx.controls.jar;C:\Divers\javafx\lib\javafx.fxml.jar;C:\Divers\javafx\lib\javafx.graphics.jar;C:\Divers\javafx\lib\javafx.media.jar;C:\Divers\javafx\lib\javafx.swing.jar;C:\Divers\javafx\lib\javafx.web.jar;C:\Divers\javafx\lib\javafx-swt.jar;C:\ProgrammeJAVA\VenteProjetFilms\bin;C:\ProgrammeJAVA\VenteProjetFilms\resource\gson-2.10.1.jar
Launcher Type: SUN_STANDARD

[Global flags]
     intx CICompilerCount                          = 4                                         {product} {ergonomic}
     uint ConcGCThreads                            = 3                                         {product} {ergonomic}
     uint G1ConcRefinementThreads                  = 10                                        {product} {ergonomic}
   size_t G1HeapRegionSize                         = 2097152                                   {product} {ergonomic}
    uintx GCDrainStackTargetSize                   = 64                                        {product} {ergonomic}
   size_t InitialHeapSize                          = 264241152                                 {product} {ergonomic}
   size_t MarkStackSize                            = 4194304                                   {product} {ergonomic}
   size_t MaxHeapSize                              = 4200595456                                {product} {ergonomic}
   size_t MinHeapDeltaBytes                        = 2097152                                   {product} {ergonomic}
   size_t MinHeapSize                              = 8388608                                   {product} {ergonomic}
    uintx NonNMethodCodeHeapSize                   = 5839372                                {pd product} {ergonomic}
    uintx NonProfiledCodeHeapSize                  = 122909434                              {pd product} {ergonomic}
    uintx ProfiledCodeHeapSize                     = 122909434                              {pd product} {ergonomic}
    uintx ReservedCodeCacheSize                    = 251658240                              {pd product} {ergonomic}
     bool SegmentedCodeCache                       = true                                      {product} {ergonomic}
     bool ShowCodeDetailsInExceptionMessages       = true                                   {manageable} {command line}
   size_t SoftMaxHeapSize                          = 4200595456                             {manageable} {ergonomic}
     bool UseCompressedOops                        = true                           {product lp64_product} {ergonomic}
     bool UseG1GC                                  = true                                      {product} {ergonomic}
     bool UseLargePagesIndividualAllocation        = false                                  {pd product} {ergonomic}

Logging:
Log output configuration:
 #0: stdout all=warning uptime,level,tags foldmultilines=false
 #1: stderr all=off uptime,level,tags foldmultilines=false

Environment Variables:
PATH=C:/Divers/openjdk/bin/server;C:/Divers/openjdk/bin;C:\Divers\openjdk\bin;C:\Windows\system32;C:\Windows;C:\Windows\System32\Wbem;C:\Windows\System32\WindowsPowerShell\v1.0\;C:\Windows\System32\OpenSSH\;C:\Program Files\PuTTY\;C:\Program Files\MATLAB\R2020a\bin;C:\Program Files\Git\cmd;C:\Program Files\MySQL\MySQL Shell 8.0\bin\;C:\Users\CYTech Student\AppData\Local\Microsoft\WindowsApps;C:\Users\CYTech Student\AppData\Local\Programs\Microsoft VS Code\bin;C:\Windows\system32;
USERNAME=CYTech Student
OS=Windows_NT
PROCESSOR_IDENTIFIER=Intel64 Family 6 Model 186 Stepping 3, GenuineIntel
TMP=C:\Users\CYTECH~1\AppData\Local\Temp
TEMP=C:\Users\CYTECH~1\AppData\Local\Temp




Periodic native trim disabled

---------------  S Y S T E M  ---------------

OS:
 Windows 10 , 64 bit Build 19041 (10.0.19041.3636)
OS uptime: 1 days 15:31 hours

CPU: total 12 (initial active 12) (12 cores per cpu, 1 threads per core) family 6 model 186 stepping 3 microcode 0x411d, cx8, cmov, fxsr, mmx, 3dnowpref, sse, sse2, sse3, ssse3, sse4.1, sse4.2, popcnt, lzcnt, tsc, tscinvbit, avx, avx2, aes, erms, clmul, bmi1, bmi2, adx, sha, fma, vzeroupper, clflush, clflushopt, clwb, serialize, rdtscp, rdpid, fsrm, f16c, pku, cet_ibt, cet_ss
Processor Information for processor 0
  Max Mhz: 1300, Current Mhz: 1300, Mhz Limit: 897
Processor Information for processor 1
  Max Mhz: 1300, Current Mhz: 1300, Mhz Limit: 897
Processor Information for processor 2
  Max Mhz: 1300, Current Mhz: 1300, Mhz Limit: 1300
Processor Information for processor 3
  Max Mhz: 1300, Current Mhz: 1300, Mhz Limit: 1300
Processor Information for processor 4
  Max Mhz: 1300, Current Mhz: 900, Mhz Limit: 897
Processor Information for processor 5
  Max Mhz: 1300, Current Mhz: 900, Mhz Limit: 897
Processor Information for processor 6
  Max Mhz: 1300, Current Mhz: 900, Mhz Limit: 897
Processor Information for processor 7
  Max Mhz: 1300, Current Mhz: 900, Mhz Limit: 897
Processor Information for processor 8
  Max Mhz: 1300, Current Mhz: 900, Mhz Limit: 897
Processor Information for processor 9
  Max Mhz: 1300, Current Mhz: 900, Mhz Limit: 897
Processor Information for processor 10
  Max Mhz: 1300, Current Mhz: 900, Mhz Limit: 897
Processor Information for processor 11
  Max Mhz: 1300, Current Mhz: 900, Mhz Limit: 897

Memory: 4k page, system-wide physical 16016M (2338M free)
TotalPageFile size 31341M (AvailPageFile size 205M)
current process WorkingSet (physical memory assigned to process): 10M, peak: 10M
current process commit charge ("private bytes"): 64M, peak: 316M

vm_info: OpenJDK 64-Bit Server VM (21.0.1+12-29) for windows-amd64 JRE (21.0.1+12-29), built on 2023-10-05T13:27:09Z by "mach5one" with MS VC++ 17.1 (VS2022)

END.
